0 info it worked if it ends with ok
1 verbose cli [ 'C:\\Program Files\\nodejs\\node.exe',
1 verbose cli   'C:\\Program Files\\nodejs\\node_modules\\npm\\bin\\npm-cli.js',
1 verbose cli   'run',
1 verbose cli   'dev' ]
2 info using npm@4.1.2
3 info using node@v7.6.0
4 verbose run-script [ 'predev', 'dev', 'postdev' ]
5 info lifecycle mpa@1.0.0~predev: mpa@1.0.0
6 silly lifecycle mpa@1.0.0~predev: no script for predev, continuing
7 info lifecycle mpa@1.0.0~dev: mpa@1.0.0
8 verbose lifecycle mpa@1.0.0~dev: unsafe-perm in lifecycle true
9 verbose lifecycle mpa@1.0.0~dev: PATH: C:\Program Files\nodejs\node_modules\npm\bin\node-gyp-bin;C:\Users\Administrator\Desktop\MPA\node_modules\.bin;C:\WINDOWS\system32;C:\WINDOWS;C:\WINDOWS\System32\Wbem;C:\WINDOWS\System32\WindowsPowerShell\v1.0\;E:\安装包\Microsoft VS Code Insiders\bin;;C:\Program Files\Git\cmd;C:\Program Files\nodejs\;C:\WINDOWS\System32\OpenSSH\;C:\Users\Administrator\AppData\Local\Microsoft\WindowsApps;C:\Users\Administrator\AppData\Roaming\npm;
10 verbose lifecycle mpa@1.0.0~dev: CWD: C:\Users\Administrator\Desktop\MPA
11 silly lifecycle mpa@1.0.0~dev: Args: [ '/d /s /c',
11 silly lifecycle   'webpack-dev-server --progress --config webpack.config.dev.js --port 6008 --open --hot' ]
12 silly lifecycle mpa@1.0.0~dev: Returned: code: 3221225786  signal: null
13 info lifecycle mpa@1.0.0~dev: Failed to exec dev script
14 verbose stack Error: mpa@1.0.0 dev: `webpack-dev-server --progress --config webpack.config.dev.js --port 6008 --open --hot`
14 verbose stack Exit status 3221225786
14 verbose stack     at EventEmitter.<anonymous> (C:\Program Files\nodejs\node_modules\npm\lib\utils\lifecycle.js:279:16)
14 verbose stack     at emitTwo (events.js:106:13)
14 verbose stack     at EventEmitter.emit (events.js:192:7)
14 verbose stack     at ChildProcess.<anonymous> (C:\Program Files\nodejs\node_modules\npm\lib\utils\spawn.js:40:14)
14 verbose stack     at emitTwo (events.js:106:13)
14 verbose stack     at ChildProcess.emit (events.js:192:7)
14 verbose stack     at maybeClose (internal/child_process.js:890:16)
14 verbose stack     at Process.ChildProcess._handle.onexit (internal/child_process.js:226:5)
15 verbose pkgid mpa@1.0.0
16 verbose cwd C:\Users\Administrator\Desktop\MPA
17 error Windows_NT 10.0.17134
18 error argv "C:\\Program Files\\nodejs\\node.exe" "C:\\Program Files\\nodejs\\node_modules\\npm\\bin\\npm-cli.js" "run" "dev"
19 error node v7.6.0
20 error npm  v4.1.2
21 error code ELIFECYCLE
22 error mpa@1.0.0 dev: `webpack-dev-server --progress --config webpack.config.dev.js --port 6008 --open --hot`
22 error Exit status 3221225786
23 error Failed at the mpa@1.0.0 dev script 'webpack-dev-server --progress --config webpack.config.dev.js --port 6008 --open --hot'.
23 error Make sure you have the latest version of node.js and npm installed.
23 error If you do, this is most likely a problem with the mpa package,
23 error not with npm itself.
23 error Tell the author that this fails on your system:
23 error     webpack-dev-server --progress --config webpack.config.dev.js --port 6008 --open --hot
23 error You can get information on how to open an issue for this project with:
23 error     npm bugs mpa
23 error Or if that isn't available, you can get their info via:
23 error     npm owner ls mpa
23 error There is likely additional logging output above.
24 verbose exit [ 1, true ]
